Using GATK jar /home/centos/src/project_data/gatk/build/libs/gatk-package-4.1.2.0-22-gfdc1f64-SNAPSHOT-local.jar
Running:
    java -Dsamjdk.use_async_io_read_samtools=false -Dsamjdk.use_async_io_write_samtools=true -Dsamjdk.use_async_io_write_tribble=false -Dsamjdk.compression_level=2 -jar /home/centos/src/project_data/gatk/build/libs/gatk-package-4.1.2.0-22-gfdc1f64-SNAPSHOT-local.jar HaplotypeCaller -R Homo_sapiens_assembly18.fasta -I NA12878.ga2.exome.maq.raw.sorted.bam -O call.vcf -L chr3 --smith-waterman AVX_ENABLED --pairHMM AVX_LOGLESS_CACHING
11:09:44.677 INFO  NativeLibraryLoader - Loading libgkl_compression.so from jar:file:/home/centos/src/project_data/gatk/build/libs/gatk-package-4.1.2.0-22-gfdc1f64-SNAPSHOT-local.jar!/com/intel/gkl/native/libgkl_compression.so
11:09:44.882 INFO  HaplotypeCaller - ------------------------------------------------------------
11:09:44.882 INFO  HaplotypeCaller - The Genome Analysis Toolkit (GATK) v4.1.2.0-22-gfdc1f64-SNAPSHOT
11:09:44.883 INFO  HaplotypeCaller - For support and documentation go to https://software.broadinstitute.org/gatk/
11:09:44.883 INFO  HaplotypeCaller - Executing as root@ip-172-31-29-224.eu-west-1.compute.internal on Linux v3.10.0-957.5.1.el7.x86_64 amd64
11:09:44.883 INFO  HaplotypeCaller - Java runtime: OpenJDK 64-Bit Server VM v1.8.0_212-b04
11:09:44.883 INFO  HaplotypeCaller - Start Date/Time: July 26, 2019 11:09:44 AM UTC
11:09:44.883 INFO  HaplotypeCaller - ------------------------------------------------------------
11:09:44.883 INFO  HaplotypeCaller - ------------------------------------------------------------
11:09:44.884 INFO  HaplotypeCaller - HTSJDK Version: 2.19.0
11:09:44.884 INFO  HaplotypeCaller - Picard Version: 2.19.0
11:09:44.884 INFO  HaplotypeCaller - HTSJDK Defaults.COMPRESSION_LEVEL : 2
11:09:44.884 INFO  HaplotypeCaller - HTSJDK Defaults.USE_ASYNC_IO_READ_FOR_SAMTOOLS : false
11:09:44.884 INFO  HaplotypeCaller - HTSJDK Defaults.USE_ASYNC_IO_WRITE_FOR_SAMTOOLS : true
11:09:44.884 INFO  HaplotypeCaller - HTSJDK Defaults.USE_ASYNC_IO_WRITE_FOR_TRIBBLE : false
11:09:44.884 INFO  HaplotypeCaller - Deflater: IntelDeflater
11:09:44.884 INFO  HaplotypeCaller - Inflater: IntelInflater
11:09:44.884 INFO  HaplotypeCaller - GCS max retries/reopens: 20
11:09:44.884 INFO  HaplotypeCaller - Requester pays: disabled
11:09:44.884 INFO  HaplotypeCaller - Initializing engine
WARNING: BAM index file /mnt/nvme/NA12878.ga2.exome.maq.raw.sorted.bai is older than BAM /mnt/nvme/NA12878.ga2.exome.maq.raw.sorted.bam
11:09:45.225 INFO  IntervalArgumentCollection - Processing 199501827 bp from intervals
11:09:45.233 INFO  HaplotypeCaller - Done initializing engine
11:09:45.242 INFO  NativeLibraryLoader - Loading libgkl_utils.so from jar:file:/home/centos/src/project_data/gatk/build/libs/gatk-package-4.1.2.0-22-gfdc1f64-SNAPSHOT-local.jar!/com/intel/gkl/native/libgkl_utils.so
11:09:45.244 INFO  NativeLibraryLoader - Loading libgkl_smithwaterman.so from jar:file:/home/centos/src/project_data/gatk/build/libs/gatk-package-4.1.2.0-22-gfdc1f64-SNAPSHOT-local.jar!/com/intel/gkl/native/libgkl_smithwaterman.so
11:09:45.246 INFO  SmithWatermanAligner - Using AVX accelerated SmithWaterman implementation
11:09:45.249 INFO  HaplotypeCallerEngine - Disabling physical phasing, which is supported only for reference-model confidence output
11:09:45.264 INFO  NativeLibraryLoader - Loading libgkl_pairhmm.so from jar:file:/home/centos/src/project_data/gatk/build/libs/gatk-package-4.1.2.0-22-gfdc1f64-SNAPSHOT-local.jar!/com/intel/gkl/native/libgkl_pairhmm.so
11:09:45.296 INFO  IntelPairHmm - Flush-to-zero (FTZ) is enabled when running PairHMM
11:09:45.296 WARN  IntelPairHmm - Ignoring request for 4 threads; not using OpenMP implementation
11:09:45.296 INFO  PairHMM - Using the AVX-accelerated native PairHMM implementation
11:09:45.326 INFO  ProgressMeter - Starting traversal
11:09:45.327 INFO  ProgressMeter -        Current Locus  Elapsed Minutes     Regions Processed   Regions/Minute
11:09:55.369 INFO  ProgressMeter -         chr3:3112113              0.2                 11550          69010.2
11:10:05.381 INFO  ProgressMeter -         chr3:7539111              0.3                 28150          84226.8
11:10:15.485 INFO  ProgressMeter -        chr3:10052661              0.5                 37760          75124.3
11:10:25.488 INFO  ProgressMeter -        chr3:11420725              0.7                 43110          64405.8
11:10:35.488 INFO  ProgressMeter -        chr3:14406062              0.8                 54680          65405.4
11:10:46.211 INFO  ProgressMeter -        chr3:17053073              1.0                 64780          63839.4
11:10:56.217 INFO  ProgressMeter -        chr3:24155011              1.2                 90440          76546.8
11:11:06.218 INFO  ProgressMeter -        chr3:31250797              1.3                116240          86219.7
11:11:16.218 INFO  ProgressMeter -        chr3:36126689              1.5                134190          88583.0
11:11:26.254 INFO  ProgressMeter -        chr3:38334495              1.7                142210          84542.3
11:11:36.307 INFO  ProgressMeter -        chr3:40250803              1.8                149460          80803.7
11:11:46.313 INFO  ProgressMeter -        chr3:43616249              2.0                162010          80344.8
11:11:56.394 INFO  ProgressMeter -        chr3:46568963              2.2                173030          79209.9
11:12:06.476 INFO  ProgressMeter -        chr3:48673596              2.4                180950          76918.7
11:12:16.483 INFO  ProgressMeter -        chr3:50573034              2.5                188030          74636.8
11:12:26.528 INFO  ProgressMeter -        chr3:53199380              2.7                197820          73629.8
11:12:36.533 INFO  ProgressMeter -        chr3:57250996              2.9                213160          74703.0
11:12:46.533 INFO  ProgressMeter -        chr3:61022568              3.0                227250          75245.9
11:12:56.534 INFO  ProgressMeter -        chr3:65540607              3.2                244100          76597.6
11:13:06.731 INFO  ProgressMeter -        chr3:71097674              3.4                264410          78770.0
11:13:16.734 INFO  ProgressMeter -        chr3:75770665              3.5                281960          80023.8
11:13:27.288 INFO  ProgressMeter -        chr3:75788637              3.7                282060          76245.8
11:13:41.972 INFO  ProgressMeter -        chr3:75797433              3.9                282110          71527.4
11:13:51.980 INFO  ProgressMeter -        chr3:77755172              4.1                289350          70386.3
11:14:01.980 INFO  ProgressMeter -        chr3:87702554              4.3                324880          75950.0
11:14:11.986 INFO  ProgressMeter -        chr3:99101898              4.4                364480          82010.4
11:14:22.032 INFO  ProgressMeter -       chr3:102569641              4.6                377130          81775.9
11:14:32.034 INFO  ProgressMeter -       chr3:109233769              4.8                401180          83956.1
11:14:42.036 INFO  ProgressMeter -       chr3:112985403              4.9                415010          83922.6
11:14:52.042 INFO  ProgressMeter -       chr3:115267341              5.1                423460          82837.8
11:15:02.054 INFO  ProgressMeter -       chr3:120734419              5.3                443320          83981.5
11:15:12.061 INFO  ProgressMeter -       chr3:123294066              5.4                452630          83119.0
11:15:22.061 INFO  ProgressMeter -       chr3:125802600              5.6                462160          82348.7
11:15:32.064 INFO  ProgressMeter -       chr3:128661602              5.8                473190          81881.7
11:15:42.071 INFO  ProgressMeter -       chr3:130804581              5.9                481540          80989.2
11:15:52.077 INFO  ProgressMeter -       chr3:133988121              6.1                493370          80715.1
11:16:02.077 INFO  ProgressMeter -       chr3:138551829              6.3                510550          81308.6
11:16:12.079 INFO  ProgressMeter -       chr3:142383463              6.4                524980          81444.4
11:16:22.118 INFO  ProgressMeter -       chr3:147280519              6.6                542790          82077.0
11:16:32.317 INFO  ProgressMeter -       chr3:152495150              6.8                561710          82809.4
11:16:42.320 INFO  ProgressMeter -       chr3:156349089              6.9                575620          82824.4
11:16:52.321 INFO  ProgressMeter -       chr3:160572707              7.1                591080          83056.9
11:17:02.327 INFO  ProgressMeter -       chr3:168034944              7.3                617830          84827.9
11:17:12.327 INFO  ProgressMeter -       chr3:173494664              7.5                637610          85585.2
11:17:22.327 INFO  ProgressMeter -       chr3:179857409              7.6                660490          86716.4
11:17:32.375 INFO  ProgressMeter -       chr3:184512085              7.8                677130          86988.7
11:17:42.541 INFO  ProgressMeter -       chr3:185458973              8.0                680760          85591.8
11:17:52.589 INFO  ProgressMeter -       chr3:188055674              8.1                690610          85039.7
11:18:02.686 INFO  ProgressMeter -       chr3:192577407              8.3                707400          85338.8
11:18:12.689 INFO  ProgressMeter -       chr3:196069714              8.5                720560          85212.5
11:18:22.697 INFO  ProgressMeter -       chr3:198234567              8.6                728810          84520.9
11:18:26.450 INFO  HaplotypeCaller - 926629 read(s) filtered by: ((((((((MappingQualityReadFilter AND MappingQualityAvailableReadFilter) AND MappedReadFilter) AND NotSecondaryAlignmentReadFilter) AND NotDuplicateReadFilter) AND PassesVendorQualityCheckReadFilter) AND NonZeroReferenceLengthAlignmentReadFilter) AND GoodCigarReadFilter) AND WellformedReadFilter)
  926629 read(s) filtered by: (((((((MappingQualityReadFilter AND MappingQualityAvailableReadFilter) AND MappedReadFilter) AND NotSecondaryAlignmentReadFilter) AND NotDuplicateReadFilter) AND PassesVendorQualityCheckReadFilter) AND NonZeroReferenceLengthAlignmentReadFilter) AND GoodCigarReadFilter)
      926629 read(s) filtered by: ((((((MappingQualityReadFilter AND MappingQualityAvailableReadFilter) AND MappedReadFilter) AND NotSecondaryAlignmentReadFilter) AND NotDuplicateReadFilter) AND PassesVendorQualityCheckReadFilter) AND NonZeroReferenceLengthAlignmentReadFilter)
          926629 read(s) filtered by: (((((MappingQualityReadFilter AND MappingQualityAvailableReadFilter) AND MappedReadFilter) AND NotSecondaryAlignmentReadFilter) AND NotDuplicateReadFilter) AND PassesVendorQualityCheckReadFilter)
              926629 read(s) filtered by: ((((MappingQualityReadFilter AND MappingQualityAvailableReadFilter) AND MappedReadFilter) AND NotSecondaryAlignmentReadFilter) AND NotDuplicateReadFilter)
                  261794 read(s) filtered by: (((MappingQualityReadFilter AND MappingQualityAvailableReadFilter) AND MappedReadFilter) AND NotSecondaryAlignmentReadFilter)
                      261794 read(s) filtered by: ((MappingQualityReadFilter AND MappingQualityAvailableReadFilter) AND MappedReadFilter)
                          261794 read(s) filtered by: (MappingQualityReadFilter AND MappingQualityAvailableReadFilter)
                              261794 read(s) filtered by: MappingQualityReadFilter 
                  664835 read(s) filtered by: NotDuplicateReadFilter 

11:18:26.450 INFO  ProgressMeter -       chr3:199500845              8.7                733453          84446.8
11:18:26.450 INFO  ProgressMeter - Traversal complete. Processed 733453 total regions in 8.7 minutes.
11:18:26.508 INFO  VectorLoglessPairHMM - Time spent in setup for JNI call : 0.34775161600000004
11:18:26.508 INFO  PairHMM - Total compute time in PairHMM computeLogLikelihoods() : 111.48501535800001
11:18:26.508 INFO  SmithWatermanAligner - Total compute time in native Smith-Waterman : 4.21 sec
11:18:26.508 INFO  HaplotypeCaller - Shutting down engine
[July 26, 2019 11:18:26 AM UTC] org.broadinstitute.hellbender.tools.walkers.haplotypecaller.HaplotypeCaller done. Elapsed time: 8.70 minutes.
Runtime.totalMemory()=1652555776
